NOTE: Picked up JDK_JAVA_OPTIONS:  --add-opens=java.base/java.lang=ALL-UNNAMED --add-opens=java.base/java.io=ALL-UNNAMED --add-opens=java.base/java.util=ALL-UNNAMED --add-opens=java.base/java.util.concurrent=ALL-UNNAMED --add-opens=java.rmi/sun.rmi.transport=ALL-UNNAMED
29-Apr-2025 09:27:20.079 INFO [main] org.apache.catalina.startup.VersionLoggerListener.log Server version name:   Apache Tomcat/9.0.100
29-Apr-2025 09:27:20.082 INFO [main] org.apache.catalina.startup.VersionLoggerListener.log Server built:          Feb 13 2025 11:29:56 UTC
29-Apr-2025 09:27:20.082 INFO [main] org.apache.catalina.startup.VersionLoggerListener.log Server version number: 9.0.100.0
29-Apr-2025 09:27:20.082 INFO [main] org.apache.catalina.startup.VersionLoggerListener.log OS Name:               Linux
29-Apr-2025 09:27:20.082 INFO [main] org.apache.catalina.startup.VersionLoggerListener.log OS Version:            6.11.0-24-generic
29-Apr-2025 09:27:20.082 INFO [main] org.apache.catalina.startup.VersionLoggerListener.log Architecture:          amd64
29-Apr-2025 09:27:20.082 INFO [main] org.apache.catalina.startup.VersionLoggerListener.log Java Home:             /usr/lib/jvm/java-11-openjdk-amd64
29-Apr-2025 09:27:20.083 INFO [main] org.apache.catalina.startup.VersionLoggerListener.log JVM Version:           11.0.26+4-post-Ubuntu-1ubuntu124.04
29-Apr-2025 09:27:20.083 INFO [main] org.apache.catalina.startup.VersionLoggerListener.log JVM Vendor:            Ubuntu
29-Apr-2025 09:27:20.083 INFO [main] org.apache.catalina.startup.VersionLoggerListener.log CATALINA_BASE:         /opt/tomcat
29-Apr-2025 09:27:20.083 INFO [main] org.apache.catalina.startup.VersionLoggerListener.log CATALINA_HOME:         /opt/tomcat
29-Apr-2025 09:27:20.096 INFO [main] org.apache.catalina.startup.VersionLoggerListener.log Command line argument: --add-opens=java.base/java.lang=ALL-UNNAMED
29-Apr-2025 09:27:20.097 INFO [main] org.apache.catalina.startup.VersionLoggerListener.log Command line argument: --add-opens=java.base/java.io=ALL-UNNAMED
29-Apr-2025 09:27:20.097 INFO [main] org.apache.catalina.startup.VersionLoggerListener.log Command line argument: --add-opens=java.base/java.util=ALL-UNNAMED
29-Apr-2025 09:27:20.097 INFO [main] org.apache.catalina.startup.VersionLoggerListener.log Command line argument: --add-opens=java.base/java.util.concurrent=ALL-UNNAMED
29-Apr-2025 09:27:20.097 INFO [main] org.apache.catalina.startup.VersionLoggerListener.log Command line argument: --add-opens=java.rmi/sun.rmi.transport=ALL-UNNAMED
29-Apr-2025 09:27:20.097 INFO [main] org.apache.catalina.startup.VersionLoggerListener.log Command line argument: -Djava.util.logging.config.file=/opt/tomcat/conf/logging.properties
29-Apr-2025 09:27:20.098 INFO [main] org.apache.catalina.startup.VersionLoggerListener.log Command line argument: -Djava.util.logging.manager=org.apache.juli.ClassLoaderLogManager
29-Apr-2025 09:27:20.098 INFO [main] org.apache.catalina.startup.VersionLoggerListener.log Command line argument: -Djdk.tls.ephemeralDHKeySize=2048
29-Apr-2025 09:27:20.098 INFO [main] org.apache.catalina.startup.VersionLoggerListener.log Command line argument: -Djava.protocol.handler.pkgs=org.apache.catalina.webresources
29-Apr-2025 09:27:20.098 INFO [main] org.apache.catalina.startup.VersionLoggerListener.log Command line argument: -Dsun.io.useCanonCaches=false
29-Apr-2025 09:27:20.098 INFO [main] org.apache.catalina.startup.VersionLoggerListener.log Command line argument: -Dorg.apache.catalina.security.SecurityListener.UMASK=0027
29-Apr-2025 09:27:20.098 INFO [main] org.apache.catalina.startup.VersionLoggerListener.log Command line argument: -Dignore.endorsed.dirs=
29-Apr-2025 09:27:20.098 INFO [main] org.apache.catalina.startup.VersionLoggerListener.log Command line argument: -Dcatalina.base=/opt/tomcat
29-Apr-2025 09:27:20.099 INFO [main] org.apache.catalina.startup.VersionLoggerListener.log Command line argument: -Dcatalina.home=/opt/tomcat
29-Apr-2025 09:27:20.099 INFO [main] org.apache.catalina.startup.VersionLoggerListener.log Command line argument: -Djava.io.tmpdir=/opt/tomcat/temp
29-Apr-2025 09:27:20.101 INFO [main] org.apache.catalina.core.AprLifecycleListener.lifecycleEvent The Apache Tomcat Native library which allows using OpenSSL was not found on the java.library.path: [/usr/java/packages/lib:/usr/lib/x86_64-linux-gnu/jni:/lib/x86_64-linux-gnu:/usr/lib/x86_64-linux-gnu:/usr/lib/jni:/lib:/usr/lib]
29-Apr-2025 09:27:20.403 INFO [main] org.apache.coyote.AbstractProtocol.init Initializing ProtocolHandler ["http-nio-9090"]
29-Apr-2025 09:27:20.427 INFO [main] org.apache.catalina.startup.Catalina.load Server initialization in [553] milliseconds
29-Apr-2025 09:27:20.494 INFO [main] org.apache.catalina.core.StandardService.startInternal Starting service [Catalina]
29-Apr-2025 09:27:20.494 INFO [main] org.apache.catalina.core.StandardEngine.startInternal Starting Servlet engine: [Apache Tomcat/9.0.100]
29-Apr-2025 09:27:20.503 INFO [main] org.apache.catalina.startup.HostConfig.deployDirectory Deploying web application directory [/opt/tomcat/webapps/manager]
29-Apr-2025 09:27:20.806 INFO [main] org.apache.catalina.startup.HostConfig.deployDirectory Deployment of web application directory [/opt/tomcat/webapps/manager] has finished in [303] ms
29-Apr-2025 09:27:20.807 INFO [main] org.apache.catalina.startup.HostConfig.deployDirectory Deploying web application directory [/opt/tomcat/webapps/docs]
29-Apr-2025 09:27:20.835 INFO [main] org.apache.catalina.startup.HostConfig.deployDirectory Deployment of web application directory [/opt/tomcat/webapps/docs] has finished in [28] ms
29-Apr-2025 09:27:20.835 INFO [main] org.apache.catalina.startup.HostConfig.deployDirectory Deploying web application directory [/opt/tomcat/webapps/ROOT]
29-Apr-2025 09:27:20.852 INFO [main] org.apache.catalina.startup.HostConfig.deployDirectory Deployment of web application directory [/opt/tomcat/webapps/ROOT] has finished in [17] ms
29-Apr-2025 09:27:20.853 INFO [main] org.apache.catalina.startup.HostConfig.deployDirectory Deploying web application directory [/opt/tomcat/webapps/host-manager]
29-Apr-2025 09:27:20.871 INFO [main] org.apache.catalina.startup.HostConfig.deployDirectory Deployment of web application directory [/opt/tomcat/webapps/host-manager] has finished in [19] ms
29-Apr-2025 09:27:20.871 INFO [main] org.apache.catalina.startup.HostConfig.deployDirectory Deploying web application directory [/opt/tomcat/webapps/examples]
29-Apr-2025 09:27:21.054 INFO [main] org.apache.catalina.startup.HostConfig.deployDirectory Deployment of web application directory [/opt/tomcat/webapps/examples] has finished in [183] ms
29-Apr-2025 09:27:21.059 INFO [main] org.apache.coyote.AbstractProtocol.start Starting ProtocolHandler ["http-nio-9090"]
29-Apr-2025 09:27:21.069 INFO [main] org.apache.catalina.startup.Catalina.start Server startup in [641] milliseconds
